{"C:\\Users\\diego\\Desktop\\UrbanStyle\\server.js": {"path":"C:\\Users\\diego\\Desktop\\UrbanStyle\\server.js","statementMap":{"0":{"start":{"line":2,"column":16},"end":{"line":2,"column":34}},"1":{"start":{"line":3,"column":12},"end":{"line":3,"column":21}},"2":{"start":{"line":4,"column":13},"end":{"line":4,"column":28}},"3":{"start":{"line":5,"column":15},"end":{"line":5,"column":32}},"4":{"start":{"line":6,"column":16},"end":{"line":6,"column":44}},"5":{"start":{"line":7,"column":13},"end":{"line":7,"column":28}},"6":{"start":{"line":8,"column":12},"end":{"line":8,"column":35}},"7":{"start":{"line":9,"column":15},"end":{"line":9,"column":33}},"8":{"start":{"line":11,"column":0},"end":{"line":11,"column":16}},"9":{"start":{"line":12,"column":0},"end":{"line":12,"column":24}},"10":{"start":{"line":13,"column":0},"end":{"line":13,"column":34}},"11":{"start":{"line":16,"column":11},"end":{"line":16,"column":52}},"12":{"start":{"line":19,"column":0},"end":{"line":42,"column":3}},"13":{"start":{"line":20,"column":87},"end":{"line":20,"column":95}},"14":{"start":{"line":22,"column":4},"end":{"line":24,"column":5}},"15":{"start":{"line":23,"column":8},"end":{"line":23,"column":84}},"16":{"start":{"line":26,"column":19},"end":{"line":26,"column":48}},"17":{"start":{"line":28,"column":16},"end":{"line":31,"column":5}},"18":{"start":{"line":33,"column":19},"end":{"line":33,"column":89}},"19":{"start":{"line":35,"column":4},"end":{"line":41,"column":7}},"20":{"start":{"line":36,"column":8},"end":{"line":39,"column":9}},"21":{"start":{"line":37,"column":12},"end":{"line":37,"column":62}},"22":{"start":{"line":38,"column":12},"end":{"line":38,"column":101}},"23":{"start":{"line":40,"column":8},"end":{"line":40,"column":36}},"24":{"start":{"line":45,"column":0},"end":{"line":60,"column":3}},"25":{"start":{"line":46,"column":32},"end":{"line":46,"column":40}},"26":{"start":{"line":47,"column":4},"end":{"line":59,"column":7}},"27":{"start":{"line":48,"column":8},"end":{"line":50,"column":9}},"28":{"start":{"line":49,"column":12},"end":{"line":49,"column":79}},"29":{"start":{"line":52,"column":22},"end":{"line":56,"column":39}},"30":{"start":{"line":58,"column":8},"end":{"line":58,"column":68}},"31":{"start":{"line":64,"column":0},"end":{"line":68,"column":3}},"32":{"start":{"line":65,"column":4},"end":{"line":67,"column":7}},"33":{"start":{"line":66,"column":8},"end":{"line":66,"column":23}},"34":{"start":{"line":70,"column":0},"end":{"line":95,"column":3}},"35":{"start":{"line":71,"column":4},"end":{"line":73,"column":5}},"36":{"start":{"line":72,"column":8},"end":{"line":72,"column":64}},"37":{"start":{"line":75,"column":91},"end":{"line":75,"column":99}},"38":{"start":{"line":76,"column":22},"end":{"line":76,"column":68}},"39":{"start":{"line":77,"column":18},"end":{"line":77,"column":19}},"40":{"start":{"line":78,"column":16},"end":{"line":78,"column":101}},"41":{"start":{"line":80,"column":16},"end":{"line":83,"column":5}},"42":{"start":{"line":85,"column":19},"end":{"line":85,"column":111}},"43":{"start":{"line":87,"column":4},"end":{"line":94,"column":7}},"44":{"start":{"line":88,"column":8},"end":{"line":91,"column":9}},"45":{"start":{"line":89,"column":12},"end":{"line":89,"column":70}},"46":{"start":{"line":90,"column":12},"end":{"line":90,"column":64}},"47":{"start":{"line":92,"column":8},"end":{"line":92,"column":56}},"48":{"start":{"line":93,"column":8},"end":{"line":93,"column":58}},"49":{"start":{"line":100,"column":0},"end":{"line":112,"column":3}},"50":{"start":{"line":101,"column":98},"end":{"line":101,"column":106}},"51":{"start":{"line":102,"column":15},"end":{"line":102,"column":28}},"52":{"start":{"line":104,"column":4},"end":{"line":111,"column":6}},"53":{"start":{"line":108,"column":12},"end":{"line":108,"column":73}},"54":{"start":{"line":108,"column":21},"end":{"line":108,"column":73}},"55":{"start":{"line":109,"column":12},"end":{"line":109,"column":40}},"56":{"start":{"line":116,"column":0},"end":{"line":132,"column":3}},"57":{"start":{"line":117,"column":4},"end":{"line":119,"column":5}},"58":{"start":{"line":118,"column":8},"end":{"line":118,"column":64}},"59":{"start":{"line":121,"column":22},"end":{"line":121,"column":35}},"60":{"start":{"line":122,"column":4},"end":{"line":131,"column":7}},"61":{"start":{"line":123,"column":8},"end":{"line":126,"column":9}},"62":{"start":{"line":124,"column":12},"end":{"line":124,"column":70}},"63":{"start":{"line":125,"column":12},"end":{"line":125,"column":64}},"64":{"start":{"line":127,"column":8},"end":{"line":129,"column":9}},"65":{"start":{"line":128,"column":12},"end":{"line":128,"column":77}},"66":{"start":{"line":130,"column":8},"end":{"line":130,"column":36}},"67":{"start":{"line":135,"column":13},"end":{"line":135,"column":37}},"68":{"start":{"line":136,"column":0},"end":{"line":136,"column":76}},"69":{"start":{"line":136,"column":23},"end":{"line":136,"column":74}},"70":{"start":{"line":140,"column":23},"end":{"line":140,"column":51}},"71":{"start":{"line":141,"column":18},"end":{"line":141,"column":56}},"72":{"start":{"line":142,"column":4},"end":{"line":142,"column":43}},"73":{"start":{"line":142,"column":16},"end":{"line":142,"column":43}},"74":{"start":{"line":144,"column":4},"end":{"line":149,"column":7}},"75":{"start":{"line":145,"column":8},"end":{"line":145,"column":44}},"76":{"start":{"line":145,"column":17},"end":{"line":145,"column":44}},"77":{"start":{"line":146,"column":8},"end":{"line":146,"column":50}},"78":{"start":{"line":147,"column":8},"end":{"line":147,"column":24}},"79":{"start":{"line":148,"column":8},"end":{"line":148,"column":15}},"80":{"start":{"line":152,"column":0},"end":{"line":152,"column":21}}},"fnMap":{"0":{"name":"(anonymous_0)","decl":{"start":{"line":19,"column":26},"end":{"line":19,"column":27}},"loc":{"start":{"line":19,"column":40},"end":{"line":42,"column":1}},"line":19},"1":{"name":"(anonymous_1)","decl":{"start":{"line":35,"column":24},"end":{"line":35,"column":25}},"loc":{"start":{"line":35,"column":38},"end":{"line":41,"column":5}},"line":35},"2":{"name":"(anonymous_2)","decl":{"start":{"line":45,"column":23},"end":{"line":45,"column":24}},"loc":{"start":{"line":45,"column":37},"end":{"line":60,"column":1}},"line":45},"3":{"name":"(anonymous_3)","decl":{"start":{"line":47,"column":59},"end":{"line":47,"column":60}},"loc":{"start":{"line":47,"column":74},"end":{"line":59,"column":5}},"line":47},"4":{"name":"(anonymous_4)","decl":{"start":{"line":64,"column":25},"end":{"line":64,"column":26}},"loc":{"start":{"line":64,"column":39},"end":{"line":68,"column":1}},"line":64},"5":{"name":"(anonymous_5)","decl":{"start":{"line":65,"column":41},"end":{"line":65,"column":42}},"loc":{"start":{"line":65,"column":56},"end":{"line":67,"column":5}},"line":65},"6":{"name":"(anonymous_6)","decl":{"start":{"line":70,"column":45},"end":{"line":70,"column":46}},"loc":{"start":{"line":70,"column":59},"end":{"line":95,"column":1}},"line":70},"7":{"name":"(anonymous_7)","decl":{"start":{"line":87,"column":24},"end":{"line":87,"column":25}},"loc":{"start":{"line":87,"column":39},"end":{"line":94,"column":5}},"line":87},"8":{"name":"(anonymous_8)","decl":{"start":{"line":100,"column":29},"end":{"line":100,"column":30}},"loc":{"start":{"line":100,"column":43},"end":{"line":112,"column":1}},"line":100},"9":{"name":"(anonymous_9)","decl":{"start":{"line":107,"column":8},"end":{"line":107,"column":9}},"loc":{"start":{"line":107,"column":22},"end":{"line":110,"column":9}},"line":107},"10":{"name":"(anonymous_10)","decl":{"start":{"line":116,"column":51},"end":{"line":116,"column":52}},"loc":{"start":{"line":116,"column":65},"end":{"line":132,"column":1}},"line":116},"11":{"name":"(anonymous_11)","decl":{"start":{"line":122,"column":61},"end":{"line":122,"column":62}},"loc":{"start":{"line":122,"column":75},"end":{"line":131,"column":5}},"line":122},"12":{"name":"(anonymous_12)","decl":{"start":{"line":136,"column":17},"end":{"line":136,"column":18}},"loc":{"start":{"line":136,"column":23},"end":{"line":136,"column":74}},"line":136},"13":{"name":"authenticateToken","decl":{"start":{"line":139,"column":9},"end":{"line":139,"column":26}},"loc":{"start":{"line":139,"column":43},"end":{"line":151,"column":1}},"line":139},"14":{"name":"(anonymous_14)","decl":{"start":{"line":144,"column":30},"end":{"line":144,"column":31}},"loc":{"start":{"line":144,"column":45},"end":{"line":149,"column":5}},"line":144}},"branchMap":{"0":{"loc":{"start":{"line":22,"column":4},"end":{"line":24,"column":5}},"type":"if","locations":[{"start":{"line":22,"column":4},"end":{"line":24,"column":5}},{"start":{},"end":{}}],"line":22},"1":{"loc":{"start":{"line":22,"column":8},"end":{"line":22,"column":97}},"type":"binary-expr","locations":[{"start":{"line":22,"column":8},"end":{"line":22,"column":14}},{"start":{"line":22,"column":18},"end":{"line":22,"column":27}},{"start":{"line":22,"column":31},"end":{"line":22,"column":36}},{"start":{"line":22,"column":40},"end":{"line":22,"column":49}},{"start":{"line":22,"column":53},"end":{"line":22,"column":67}},{"start":{"line":22,"column":71},"end":{"line":22,"column":87}},{"start":{"line":22,"column":91},"end":{"line":22,"column":97}}],"line":22},"2":{"loc":{"start":{"line":36,"column":8},"end":{"line":39,"column":9}},"type":"if","locations":[{"start":{"line":36,"column":8},"end":{"line":39,"column":9}},{"start":{},"end":{}}],"line":36},"3":{"loc":{"start":{"line":48,"column":8},"end":{"line":50,"column":9}},"type":"if","locations":[{"start":{"line":48,"column":8},"end":{"line":50,"column":9}},{"start":{},"end":{}}],"line":48},"4":{"loc":{"start":{"line":48,"column":12},"end":{"line":48,"column":72}},"type":"binary-expr","locations":[{"start":{"line":48,"column":12},"end":{"line":48,"column":15}},{"start":{"line":48,"column":19},"end":{"line":48,"column":24}},{"start":{"line":48,"column":28},"end":{"line":48,"column":72}}],"line":48},"5":{"loc":{"start":{"line":71,"column":4},"end":{"line":73,"column":5}},"type":"if","locations":[{"start":{"line":71,"column":4},"end":{"line":73,"column":5}},{"start":{},"end":{}}],"line":71},"6":{"loc":{"start":{"line":76,"column":22},"end":{"line":76,"column":68}},"type":"cond-expr","locations":[{"start":{"line":76,"column":45},"end":{"line":76,"column":60}},{"start":{"line":76,"column":63},"end":{"line":76,"column":68}}],"line":76},"7":{"loc":{"start":{"line":88,"column":8},"end":{"line":91,"column":9}},"type":"if","locations":[{"start":{"line":88,"column":8},"end":{"line":91,"column":9}},{"start":{},"end":{}}],"line":88},"8":{"loc":{"start":{"line":108,"column":12},"end":{"line":108,"column":73}},"type":"if","locations":[{"start":{"line":108,"column":12},"end":{"line":108,"column":73}},{"start":{},"end":{}}],"line":108},"9":{"loc":{"start":{"line":117,"column":4},"end":{"line":119,"column":5}},"type":"if","locations":[{"start":{"line":117,"column":4},"end":{"line":119,"column":5}},{"start":{},"end":{}}],"line":117},"10":{"loc":{"start":{"line":123,"column":8},"end":{"line":126,"column":9}},"type":"if","locations":[{"start":{"line":123,"column":8},"end":{"line":126,"column":9}},{"start":{},"end":{}}],"line":123},"11":{"loc":{"start":{"line":127,"column":8},"end":{"line":129,"column":9}},"type":"if","locations":[{"start":{"line":127,"column":8},"end":{"line":129,"column":9}},{"start":{},"end":{}}],"line":127},"12":{"loc":{"start":{"line":135,"column":13},"end":{"line":135,"column":37}},"type":"binary-expr","locations":[{"start":{"line":135,"column":13},"end":{"line":135,"column":29}},{"start":{"line":135,"column":33},"end":{"line":135,"column":37}}],"line":135},"13":{"loc":{"start":{"line":141,"column":18},"end":{"line":141,"column":56}},"type":"binary-expr","locations":[{"start":{"line":141,"column":18},"end":{"line":141,"column":28}},{"start":{"line":141,"column":32},"end":{"line":141,"column":56}}],"line":141},"14":{"loc":{"start":{"line":142,"column":4},"end":{"line":142,"column":43}},"type":"if","locations":[{"start":{"line":142,"column":4},"end":{"line":142,"column":43}},{"start":{},"end":{}}],"line":142},"15":{"loc":{"start":{"line":145,"column":8},"end":{"line":145,"column":44}},"type":"if","locations":[{"start":{"line":145,"column":8},"end":{"line":145,"column":44}},{"start":{},"end":{}}],"line":145}},"s":{"0":1,"1":1,"2":1,"3":1,"4":1,"5":1,"6":1,"7":1,"8":1,"9":1,"10":1,"11":1,"12":1,"13":3,"14":3,"15":1,"16":2,"17":2,"18":2,"19":2,"20":2,"21":1,"22":1,"23":1,"24":1,"25":2,"26":2,"27":2,"28":0,"29":2,"30":2,"31":1,"32":1,"33":1,"34":1,"35":3,"36":1,"37":2,"38":2,"39":2,"40":2,"41":1,"42":1,"43":1,"44":1,"45":0,"46":0,"47":1,"48":1,"49":1,"50":1,"51":1,"52":1,"53":1,"54":0,"55":1,"56":1,"57":3,"58":1,"59":2,"60":2,"61":2,"62":0,"63":0,"64":2,"65":1,"66":1,"67":1,"68":1,"69":1,"70":8,"71":8,"72":8,"73":2,"74":6,"75":6,"76":0,"77":6,"78":6,"79":6,"80":1},"f":{"0":3,"1":2,"2":2,"3":2,"4":1,"5":1,"6":3,"7":1,"8":1,"9":1,"10":3,"11":2,"12":1,"13":8,"14":6},"b":{"0":[1,2],"1":[3,3,3,2,2,2,2],"2":[1,1],"3":[0,2],"4":[2,2,2],"5":[1,2],"6":[1,1],"7":[0,1],"8":[0,1],"9":[1,2],"10":[0,2],"11":[1,1],"12":[1,1],"13":[8,6],"14":[2,6],"15":[0,6]},"_coverageSchema":"1a1c01bbd47fc00a2c39e90264f33305004495a9","hash":"f2ae8abe958b34f74af81646587137ee3bcb9330"}
}
