{"C:\\Users\\issael\\Documents\\USIL\\7MO\\ING. SOFTWARE III\\TF\\BASE\\UrbanStyle\\server.js": {"path":"C:\\Users\\issael\\Documents\\USIL\\7MO\\ING. SOFTWARE III\\TF\\BASE\\UrbanStyle\\server.js","statementMap":{"0":{"start":{"line":1,"column":16},"end":{"line":1,"column":34}},"1":{"start":{"line":2,"column":12},"end":{"line":2,"column":21}},"2":{"start":{"line":3,"column":13},"end":{"line":3,"column":28}},"3":{"start":{"line":4,"column":15},"end":{"line":4,"column":32}},"4":{"start":{"line":5,"column":16},"end":{"line":5,"column":44}},"5":{"start":{"line":6,"column":13},"end":{"line":6,"column":28}},"6":{"start":{"line":7,"column":12},"end":{"line":7,"column":35}},"7":{"start":{"line":8,"column":15},"end":{"line":8,"column":33}},"8":{"start":{"line":10,"column":0},"end":{"line":10,"column":16}},"9":{"start":{"line":11,"column":0},"end":{"line":11,"column":24}},"10":{"start":{"line":12,"column":0},"end":{"line":12,"column":34}},"11":{"start":{"line":15,"column":11},"end":{"line":15,"column":52}},"12":{"start":{"line":18,"column":0},"end":{"line":32,"column":3}},"13":{"start":{"line":19,"column":87},"end":{"line":19,"column":95}},"14":{"start":{"line":20,"column":4},"end":{"line":22,"column":5}},"15":{"start":{"line":21,"column":8},"end":{"line":21,"column":84}},"16":{"start":{"line":23,"column":19},"end":{"line":23,"column":48}},"17":{"start":{"line":24,"column":16},"end":{"line":24,"column":137}},"18":{"start":{"line":25,"column":19},"end":{"line":25,"column":89}},"19":{"start":{"line":26,"column":4},"end":{"line":31,"column":7}},"20":{"start":{"line":27,"column":8},"end":{"line":29,"column":9}},"21":{"start":{"line":28,"column":12},"end":{"line":28,"column":101}},"22":{"start":{"line":30,"column":8},"end":{"line":30,"column":36}},"23":{"start":{"line":34,"column":0},"end":{"line":46,"column":3}},"24":{"start":{"line":35,"column":32},"end":{"line":35,"column":40}},"25":{"start":{"line":36,"column":4},"end":{"line":38,"column":5}},"26":{"start":{"line":37,"column":8},"end":{"line":37,"column":84}},"27":{"start":{"line":39,"column":4},"end":{"line":45,"column":7}},"28":{"start":{"line":40,"column":8},"end":{"line":42,"column":9}},"29":{"start":{"line":41,"column":12},"end":{"line":41,"column":86}},"30":{"start":{"line":43,"column":22},"end":{"line":43,"column":120}},"31":{"start":{"line":44,"column":8},"end":{"line":44,"column":68}},"32":{"start":{"line":49,"column":0},"end":{"line":54,"column":3}},"33":{"start":{"line":50,"column":4},"end":{"line":53,"column":7}},"34":{"start":{"line":51,"column":8},"end":{"line":51,"column":69}},"35":{"start":{"line":51,"column":17},"end":{"line":51,"column":69}},"36":{"start":{"line":52,"column":8},"end":{"line":52,"column":23}},"37":{"start":{"line":56,"column":0},"end":{"line":70,"column":3}},"38":{"start":{"line":57,"column":4},"end":{"line":59,"column":5}},"39":{"start":{"line":58,"column":8},"end":{"line":58,"column":64}},"40":{"start":{"line":60,"column":91},"end":{"line":60,"column":99}},"41":{"start":{"line":61,"column":22},"end":{"line":61,"column":68}},"42":{"start":{"line":62,"column":18},"end":{"line":62,"column":19}},"43":{"start":{"line":63,"column":16},"end":{"line":63,"column":101}},"44":{"start":{"line":64,"column":16},"end":{"line":64,"column":165}},"45":{"start":{"line":65,"column":19},"end":{"line":65,"column":111}},"46":{"start":{"line":66,"column":4},"end":{"line":69,"column":7}},"47":{"start":{"line":67,"column":8},"end":{"line":67,"column":69}},"48":{"start":{"line":67,"column":17},"end":{"line":67,"column":69}},"49":{"start":{"line":68,"column":8},"end":{"line":68,"column":58}},"50":{"start":{"line":72,"column":0},"end":{"line":82,"column":3}},"51":{"start":{"line":73,"column":4},"end":{"line":73,"column":83}},"52":{"start":{"line":73,"column":27},"end":{"line":73,"column":83}},"53":{"start":{"line":74,"column":98},"end":{"line":74,"column":106}},"54":{"start":{"line":75,"column":4},"end":{"line":81,"column":6}},"55":{"start":{"line":78,"column":12},"end":{"line":78,"column":73}},"56":{"start":{"line":78,"column":21},"end":{"line":78,"column":73}},"57":{"start":{"line":79,"column":12},"end":{"line":79,"column":40}},"58":{"start":{"line":84,"column":0},"end":{"line":91,"column":3}},"59":{"start":{"line":85,"column":4},"end":{"line":85,"column":83}},"60":{"start":{"line":85,"column":27},"end":{"line":85,"column":83}},"61":{"start":{"line":86,"column":4},"end":{"line":90,"column":7}},"62":{"start":{"line":87,"column":8},"end":{"line":87,"column":69}},"63":{"start":{"line":87,"column":17},"end":{"line":87,"column":69}},"64":{"start":{"line":88,"column":8},"end":{"line":88,"column":97}},"65":{"start":{"line":88,"column":32},"end":{"line":88,"column":97}},"66":{"start":{"line":89,"column":8},"end":{"line":89,"column":36}},"67":{"start":{"line":94,"column":0},"end":{"line":107,"column":3}},"68":{"start":{"line":95,"column":4},"end":{"line":106,"column":5}},"69":{"start":{"line":96,"column":23},"end":{"line":96,"column":34}},"70":{"start":{"line":97,"column":8},"end":{"line":100,"column":11}},"71":{"start":{"line":98,"column":12},"end":{"line":98,"column":73}},"72":{"start":{"line":98,"column":21},"end":{"line":98,"column":73}},"73":{"start":{"line":99,"column":12},"end":{"line":99,"column":27}},"74":{"start":{"line":102,"column":8},"end":{"line":105,"column":11}},"75":{"start":{"line":103,"column":12},"end":{"line":103,"column":73}},"76":{"start":{"line":103,"column":21},"end":{"line":103,"column":73}},"77":{"start":{"line":104,"column":12},"end":{"line":104,"column":27}},"78":{"start":{"line":110,"column":0},"end":{"line":144,"column":3}},"79":{"start":{"line":111,"column":12},"end":{"line":129,"column":5}},"80":{"start":{"line":130,"column":17},"end":{"line":130,"column":19}},"81":{"start":{"line":133,"column":2},"end":{"line":136,"column":3}},"82":{"start":{"line":134,"column":4},"end":{"line":134,"column":38}},"83":{"start":{"line":135,"column":4},"end":{"line":135,"column":29}},"84":{"start":{"line":138,"column":2},"end":{"line":138,"column":50}},"85":{"start":{"line":140,"column":2},"end":{"line":143,"column":5}},"86":{"start":{"line":141,"column":4},"end":{"line":141,"column":65}},"87":{"start":{"line":141,"column":13},"end":{"line":141,"column":65}},"88":{"start":{"line":142,"column":4},"end":{"line":142,"column":19}},"89":{"start":{"line":148,"column":0},"end":{"line":171,"column":3}},"90":{"start":{"line":149,"column":25},"end":{"line":149,"column":36}},"91":{"start":{"line":150,"column":27},"end":{"line":150,"column":35}},"92":{"start":{"line":151,"column":2},"end":{"line":153,"column":3}},"93":{"start":{"line":152,"column":6},"end":{"line":152,"column":82}},"94":{"start":{"line":154,"column":16},"end":{"line":154,"column":40}},"95":{"start":{"line":155,"column":2},"end":{"line":170,"column":7}},"96":{"start":{"line":158,"column":6},"end":{"line":160,"column":7}},"97":{"start":{"line":159,"column":8},"end":{"line":159,"column":88}},"98":{"start":{"line":161,"column":22},"end":{"line":161,"column":33}},"99":{"start":{"line":162,"column":19},"end":{"line":162,"column":130}},"100":{"start":{"line":163,"column":6},"end":{"line":165,"column":9}},"101":{"start":{"line":164,"column":8},"end":{"line":164,"column":72}},"102":{"start":{"line":166,"column":6},"end":{"line":169,"column":9}},"103":{"start":{"line":167,"column":10},"end":{"line":167,"column":93}},"104":{"start":{"line":167,"column":19},"end":{"line":167,"column":93}},"105":{"start":{"line":168,"column":10},"end":{"line":168,"column":91}},"106":{"start":{"line":174,"column":13},"end":{"line":174,"column":37}},"107":{"start":{"line":175,"column":15},"end":{"line":175,"column":90}},"108":{"start":{"line":175,"column":38},"end":{"line":175,"column":89}},"109":{"start":{"line":178,"column":23},"end":{"line":178,"column":51}},"110":{"start":{"line":179,"column":18},"end":{"line":179,"column":56}},"111":{"start":{"line":180,"column":4},"end":{"line":180,"column":73}},"112":{"start":{"line":180,"column":16},"end":{"line":180,"column":73}},"113":{"start":{"line":181,"column":4},"end":{"line":185,"column":7}},"114":{"start":{"line":182,"column":8},"end":{"line":182,"column":74}},"115":{"start":{"line":182,"column":17},"end":{"line":182,"column":74}},"116":{"start":{"line":183,"column":8},"end":{"line":183,"column":24}},"117":{"start":{"line":184,"column":8},"end":{"line":184,"column":15}},"118":{"start":{"line":187,"column":0},"end":{"line":187,"column":37}}},"fnMap":{"0":{"name":"(anonymous_0)","decl":{"start":{"line":18,"column":26},"end":{"line":18,"column":27}},"loc":{"start":{"line":18,"column":40},"end":{"line":32,"column":1}},"line":18},"1":{"name":"(anonymous_1)","decl":{"start":{"line":26,"column":24},"end":{"line":26,"column":25}},"loc":{"start":{"line":26,"column":39},"end":{"line":31,"column":5}},"line":26},"2":{"name":"(anonymous_2)","decl":{"start":{"line":34,"column":23},"end":{"line":34,"column":24}},"loc":{"start":{"line":34,"column":37},"end":{"line":46,"column":1}},"line":34},"3":{"name":"(anonymous_3)","decl":{"start":{"line":39,"column":59},"end":{"line":39,"column":60}},"loc":{"start":{"line":39,"column":74},"end":{"line":45,"column":5}},"line":39},"4":{"name":"(anonymous_4)","decl":{"start":{"line":49,"column":25},"end":{"line":49,"column":26}},"loc":{"start":{"line":49,"column":39},"end":{"line":54,"column":1}},"line":49},"5":{"name":"(anonymous_5)","decl":{"start":{"line":50,"column":41},"end":{"line":50,"column":42}},"loc":{"start":{"line":50,"column":56},"end":{"line":53,"column":5}},"line":50},"6":{"name":"(anonymous_6)","decl":{"start":{"line":56,"column":45},"end":{"line":56,"column":46}},"loc":{"start":{"line":56,"column":59},"end":{"line":70,"column":1}},"line":56},"7":{"name":"(anonymous_7)","decl":{"start":{"line":66,"column":24},"end":{"line":66,"column":25}},"loc":{"start":{"line":66,"column":39},"end":{"line":69,"column":5}},"line":66},"8":{"name":"(anonymous_8)","decl":{"start":{"line":72,"column":48},"end":{"line":72,"column":49}},"loc":{"start":{"line":72,"column":62},"end":{"line":82,"column":1}},"line":72},"9":{"name":"(anonymous_9)","decl":{"start":{"line":77,"column":8},"end":{"line":77,"column":9}},"loc":{"start":{"line":77,"column":23},"end":{"line":80,"column":9}},"line":77},"10":{"name":"(anonymous_10)","decl":{"start":{"line":84,"column":51},"end":{"line":84,"column":52}},"loc":{"start":{"line":84,"column":65},"end":{"line":91,"column":1}},"line":84},"11":{"name":"(anonymous_11)","decl":{"start":{"line":86,"column":65},"end":{"line":86,"column":66}},"loc":{"start":{"line":86,"column":80},"end":{"line":90,"column":5}},"line":86},"12":{"name":"(anonymous_12)","decl":{"start":{"line":94,"column":48},"end":{"line":94,"column":49}},"loc":{"start":{"line":94,"column":62},"end":{"line":107,"column":1}},"line":94},"13":{"name":"(anonymous_13)","decl":{"start":{"line":97,"column":93},"end":{"line":97,"column":94}},"loc":{"start":{"line":97,"column":108},"end":{"line":100,"column":9}},"line":97},"14":{"name":"(anonymous_14)","decl":{"start":{"line":102,"column":66},"end":{"line":102,"column":67}},"loc":{"start":{"line":102,"column":81},"end":{"line":105,"column":9}},"line":102},"15":{"name":"(anonymous_15)","decl":{"start":{"line":110,"column":50},"end":{"line":110,"column":51}},"loc":{"start":{"line":110,"column":64},"end":{"line":144,"column":1}},"line":110},"16":{"name":"(anonymous_16)","decl":{"start":{"line":140,"column":22},"end":{"line":140,"column":23}},"loc":{"start":{"line":140,"column":37},"end":{"line":143,"column":3}},"line":140},"17":{"name":"(anonymous_17)","decl":{"start":{"line":148,"column":49},"end":{"line":148,"column":50}},"loc":{"start":{"line":148,"column":63},"end":{"line":171,"column":1}},"line":148},"18":{"name":"(anonymous_18)","decl":{"start":{"line":157,"column":4},"end":{"line":157,"column":5}},"loc":{"start":{"line":157,"column":18},"end":{"line":170,"column":5}},"line":157},"19":{"name":"(anonymous_19)","decl":{"start":{"line":163,"column":20},"end":{"line":163,"column":21}},"loc":{"start":{"line":163,"column":28},"end":{"line":165,"column":7}},"line":163},"20":{"name":"(anonymous_20)","decl":{"start":{"line":166,"column":20},"end":{"line":166,"column":21}},"loc":{"start":{"line":166,"column":29},"end":{"line":169,"column":7}},"line":166},"21":{"name":"(anonymous_21)","decl":{"start":{"line":175,"column":32},"end":{"line":175,"column":33}},"loc":{"start":{"line":175,"column":38},"end":{"line":175,"column":89}},"line":175},"22":{"name":"authenticateToken","decl":{"start":{"line":177,"column":9},"end":{"line":177,"column":26}},"loc":{"start":{"line":177,"column":43},"end":{"line":186,"column":1}},"line":177},"23":{"name":"(anonymous_23)","decl":{"start":{"line":181,"column":30},"end":{"line":181,"column":31}},"loc":{"start":{"line":181,"column":45},"end":{"line":185,"column":5}},"line":181}},"branchMap":{"0":{"loc":{"start":{"line":20,"column":4},"end":{"line":22,"column":5}},"type":"if","locations":[{"start":{"line":20,"column":4},"end":{"line":22,"column":5}},{"start":{},"end":{}}],"line":20},"1":{"loc":{"start":{"line":20,"column":8},"end":{"line":20,"column":97}},"type":"binary-expr","locations":[{"start":{"line":20,"column":8},"end":{"line":20,"column":14}},{"start":{"line":20,"column":18},"end":{"line":20,"column":27}},{"start":{"line":20,"column":31},"end":{"line":20,"column":36}},{"start":{"line":20,"column":40},"end":{"line":20,"column":49}},{"start":{"line":20,"column":53},"end":{"line":20,"column":67}},{"start":{"line":20,"column":71},"end":{"line":20,"column":87}},{"start":{"line":20,"column":91},"end":{"line":20,"column":97}}],"line":20},"2":{"loc":{"start":{"line":27,"column":8},"end":{"line":29,"column":9}},"type":"if","locations":[{"start":{"line":27,"column":8},"end":{"line":29,"column":9}},{"start":{},"end":{}}],"line":27},"3":{"loc":{"start":{"line":36,"column":4},"end":{"line":38,"column":5}},"type":"if","locations":[{"start":{"line":36,"column":4},"end":{"line":38,"column":5}},{"start":{},"end":{}}],"line":36},"4":{"loc":{"start":{"line":36,"column":8},"end":{"line":36,"column":27}},"type":"binary-expr","locations":[{"start":{"line":36,"column":8},"end":{"line":36,"column":14}},{"start":{"line":36,"column":18},"end":{"line":36,"column":27}}],"line":36},"5":{"loc":{"start":{"line":40,"column":8},"end":{"line":42,"column":9}},"type":"if","locations":[{"start":{"line":40,"column":8},"end":{"line":42,"column":9}},{"start":{},"end":{}}],"line":40},"6":{"loc":{"start":{"line":40,"column":12},"end":{"line":40,"column":72}},"type":"binary-expr","locations":[{"start":{"line":40,"column":12},"end":{"line":40,"column":15}},{"start":{"line":40,"column":19},"end":{"line":40,"column":24}},{"start":{"line":40,"column":28},"end":{"line":40,"column":72}}],"line":40},"7":{"loc":{"start":{"line":51,"column":8},"end":{"line":51,"column":69}},"type":"if","locations":[{"start":{"line":51,"column":8},"end":{"line":51,"column":69}},{"start":{},"end":{}}],"line":51},"8":{"loc":{"start":{"line":57,"column":4},"end":{"line":59,"column":5}},"type":"if","locations":[{"start":{"line":57,"column":4},"end":{"line":59,"column":5}},{"start":{},"end":{}}],"line":57},"9":{"loc":{"start":{"line":61,"column":22},"end":{"line":61,"column":68}},"type":"cond-expr","locations":[{"start":{"line":61,"column":45},"end":{"line":61,"column":60}},{"start":{"line":61,"column":63},"end":{"line":61,"column":68}}],"line":61},"10":{"loc":{"start":{"line":67,"column":8},"end":{"line":67,"column":69}},"type":"if","locations":[{"start":{"line":67,"column":8},"end":{"line":67,"column":69}},{"start":{},"end":{}}],"line":67},"11":{"loc":{"start":{"line":73,"column":4},"end":{"line":73,"column":83}},"type":"if","locations":[{"start":{"line":73,"column":4},"end":{"line":73,"column":83}},{"start":{},"end":{}}],"line":73},"12":{"loc":{"start":{"line":78,"column":12},"end":{"line":78,"column":73}},"type":"if","locations":[{"start":{"line":78,"column":12},"end":{"line":78,"column":73}},{"start":{},"end":{}}],"line":78},"13":{"loc":{"start":{"line":85,"column":4},"end":{"line":85,"column":83}},"type":"if","locations":[{"start":{"line":85,"column":4},"end":{"line":85,"column":83}},{"start":{},"end":{}}],"line":85},"14":{"loc":{"start":{"line":87,"column":8},"end":{"line":87,"column":69}},"type":"if","locations":[{"start":{"line":87,"column":8},"end":{"line":87,"column":69}},{"start":{},"end":{}}],"line":87},"15":{"loc":{"start":{"line":88,"column":8},"end":{"line":88,"column":97}},"type":"if","locations":[{"start":{"line":88,"column":8},"end":{"line":88,"column":97}},{"start":{},"end":{}}],"line":88},"16":{"loc":{"start":{"line":95,"column":4},"end":{"line":106,"column":5}},"type":"if","locations":[{"start":{"line":95,"column":4},"end":{"line":106,"column":5}},{"start":{"line":101,"column":11},"end":{"line":106,"column":5}}],"line":95},"17":{"loc":{"start":{"line":98,"column":12},"end":{"line":98,"column":73}},"type":"if","locations":[{"start":{"line":98,"column":12},"end":{"line":98,"column":73}},{"start":{},"end":{}}],"line":98},"18":{"loc":{"start":{"line":103,"column":12},"end":{"line":103,"column":73}},"type":"if","locations":[{"start":{"line":103,"column":12},"end":{"line":103,"column":73}},{"start":{},"end":{}}],"line":103},"19":{"loc":{"start":{"line":133,"column":2},"end":{"line":136,"column":3}},"type":"if","locations":[{"start":{"line":133,"column":2},"end":{"line":136,"column":3}},{"start":{},"end":{}}],"line":133},"20":{"loc":{"start":{"line":141,"column":4},"end":{"line":141,"column":65}},"type":"if","locations":[{"start":{"line":141,"column":4},"end":{"line":141,"column":65}},{"start":{},"end":{}}],"line":141},"21":{"loc":{"start":{"line":151,"column":2},"end":{"line":153,"column":3}},"type":"if","locations":[{"start":{"line":151,"column":2},"end":{"line":153,"column":3}},{"start":{},"end":{}}],"line":151},"22":{"loc":{"start":{"line":151,"column":6},"end":{"line":151,"column":53}},"type":"binary-expr","locations":[{"start":{"line":151,"column":6},"end":{"line":151,"column":21}},{"start":{"line":151,"column":25},"end":{"line":151,"column":31}},{"start":{"line":151,"column":35},"end":{"line":151,"column":53}}],"line":151},"23":{"loc":{"start":{"line":158,"column":6},"end":{"line":160,"column":7}},"type":"if","locations":[{"start":{"line":158,"column":6},"end":{"line":160,"column":7}},{"start":{},"end":{}}],"line":158},"24":{"loc":{"start":{"line":164,"column":35},"end":{"line":164,"column":53}},"type":"binary-expr","locations":[{"start":{"line":164,"column":35},"end":{"line":164,"column":48}},{"start":{"line":164,"column":52},"end":{"line":164,"column":53}}],"line":164},"25":{"loc":{"start":{"line":167,"column":10},"end":{"line":167,"column":93}},"type":"if","locations":[{"start":{"line":167,"column":10},"end":{"line":167,"column":93}},{"start":{},"end":{}}],"line":167},"26":{"loc":{"start":{"line":174,"column":13},"end":{"line":174,"column":37}},"type":"binary-expr","locations":[{"start":{"line":174,"column":13},"end":{"line":174,"column":29}},{"start":{"line":174,"column":33},"end":{"line":174,"column":37}}],"line":174},"27":{"loc":{"start":{"line":179,"column":18},"end":{"line":179,"column":56}},"type":"binary-expr","locations":[{"start":{"line":179,"column":18},"end":{"line":179,"column":28}},{"start":{"line":179,"column":32},"end":{"line":179,"column":56}}],"line":179},"28":{"loc":{"start":{"line":180,"column":4},"end":{"line":180,"column":73}},"type":"if","locations":[{"start":{"line":180,"column":4},"end":{"line":180,"column":73}},{"start":{},"end":{}}],"line":180},"29":{"loc":{"start":{"line":182,"column":8},"end":{"line":182,"column":74}},"type":"if","locations":[{"start":{"line":182,"column":8},"end":{"line":182,"column":74}},{"start":{},"end":{}}],"line":182}},"s":{"0":1,"1":1,"2":1,"3":1,"4":1,"5":1,"6":1,"7":1,"8":1,"9":1,"10":1,"11":1,"12":1,"13":5,"14":5,"15":1,"16":4,"17":4,"18":4,"19":4,"20":4,"21":1,"22":3,"23":1,"24":4,"25":4,"26":0,"27":4,"28":4,"29":0,"30":4,"31":4,"32":1,"33":2,"34":2,"35":0,"36":2,"37":1,"38":3,"39":1,"40":2,"41":2,"42":2,"43":2,"44":2,"45":2,"46":2,"47":2,"48":0,"49":2,"50":1,"51":1,"52":0,"53":1,"54":1,"55":1,"56":0,"57":1,"58":1,"59":3,"60":1,"61":2,"62":2,"63":0,"64":2,"65":1,"66":1,"67":1,"68":1,"69":1,"70":1,"71":1,"72":0,"73":1,"74":0,"75":0,"76":0,"77":0,"78":1,"79":1,"80":1,"81":1,"82":1,"83":1,"84":1,"85":1,"86":1,"87":0,"88":1,"89":1,"90":1,"91":1,"92":1,"93":0,"94":1,"95":1,"96":1,"97":0,"98":1,"99":1,"100":1,"101":1,"102":1,"103":1,"104":0,"105":1,"106":1,"107":1,"108":1,"109":11,"110":11,"111":11,"112":1,"113":10,"114":10,"115":0,"116":10,"117":10,"118":1},"f":{"0":5,"1":4,"2":4,"3":4,"4":2,"5":2,"6":3,"7":2,"8":1,"9":1,"10":3,"11":2,"12":1,"13":1,"14":0,"15":1,"16":1,"17":1,"18":1,"19":1,"20":1,"21":1,"22":11,"23":10},"b":{"0":[1,4],"1":[5,5,5,4,4,4,4],"2":[1,3],"3":[0,4],"4":[4,4],"5":[0,4],"6":[4,4,4],"7":[0,2],"8":[1,2],"9":[1,1],"10":[0,2],"11":[0,1],"12":[0,1],"13":[1,2],"14":[0,2],"15":[1,1],"16":[1,0],"17":[0,1],"18":[0,0],"19":[1,0],"20":[0,1],"21":[0,1],"22":[1,1,1],"23":[0,1],"24":[1,0],"25":[0,1],"26":[1,1],"27":[11,10],"28":[1,10],"29":[0,10]},"_coverageSchema":"1a1c01bbd47fc00a2c39e90264f33305004495a9","hash":"66049d1f8f9a6e11da6fddf5aa15c2fcf50ee233"}
}
