TN:
SF:server.js
FN:18,(anonymous_0)
FN:26,(anonymous_1)
FN:34,(anonymous_2)
FN:39,(anonymous_3)
FN:49,(anonymous_4)
FN:50,(anonymous_5)
FN:56,(anonymous_6)
FN:66,(anonymous_7)
FN:72,(anonymous_8)
FN:77,(anonymous_9)
FN:84,(anonymous_10)
FN:86,(anonymous_11)
FN:94,(anonymous_12)
FN:97,(anonymous_13)
FN:102,(anonymous_14)
FN:110,(anonymous_15)
FN:140,(anonymous_16)
FN:148,(anonymous_17)
FN:157,(anonymous_18)
FN:163,(anonymous_19)
FN:166,(anonymous_20)
FN:175,(anonymous_21)
FN:177,authenticateToken
FN:181,(anonymous_23)
FNF:24
FNH:23
FNDA:5,(anonymous_0)
FNDA:4,(anonymous_1)
FNDA:4,(anonymous_2)
FNDA:4,(anonymous_3)
FNDA:2,(anonymous_4)
FNDA:2,(anonymous_5)
FNDA:3,(anonymous_6)
FNDA:2,(anonymous_7)
FNDA:1,(anonymous_8)
FNDA:1,(anonymous_9)
FNDA:3,(anonymous_10)
FNDA:2,(anonymous_11)
FNDA:1,(anonymous_12)
FNDA:1,(anonymous_13)
FNDA:0,(anonymous_14)
FNDA:1,(anonymous_15)
FNDA:1,(anonymous_16)
FNDA:1,(anonymous_17)
FNDA:1,(anonymous_18)
FNDA:1,(anonymous_19)
FNDA:1,(anonymous_20)
FNDA:1,(anonymous_21)
FNDA:11,authenticateToken
FNDA:10,(anonymous_23)
DA:1,1
DA:2,1
DA:3,1
DA:4,1
DA:5,1
DA:6,1
DA:7,1
DA:8,1
DA:10,1
DA:11,1
DA:12,1
DA:15,1
DA:18,1
DA:19,5
DA:20,5
DA:21,1
DA:23,4
DA:24,4
DA:25,4
DA:26,4
DA:27,4
DA:28,1
DA:30,3
DA:34,1
DA:35,4
DA:36,4
DA:37,0
DA:39,4
DA:40,4
DA:41,0
DA:43,4
DA:44,4
DA:49,1
DA:50,2
DA:51,2
DA:52,2
DA:56,1
DA:57,3
DA:58,1
DA:60,2
DA:61,2
DA:62,2
DA:63,2
DA:64,2
DA:65,2
DA:66,2
DA:67,2
DA:68,2
DA:72,1
DA:73,1
DA:74,1
DA:75,1
DA:78,1
DA:79,1
DA:84,1
DA:85,3
DA:86,2
DA:87,2
DA:88,2
DA:89,1
DA:94,1
DA:95,1
DA:96,1
DA:97,1
DA:98,1
DA:99,1
DA:102,0
DA:103,0
DA:104,0
DA:110,1
DA:111,1
DA:130,1
DA:133,1
DA:134,1
DA:135,1
DA:138,1
DA:140,1
DA:141,1
DA:142,1
DA:148,1
DA:149,1
DA:150,1
DA:151,1
DA:152,0
DA:154,1
DA:155,1
DA:158,1
DA:159,0
DA:161,1
DA:162,1
DA:163,1
DA:164,1
DA:166,1
DA:167,1
DA:168,1
DA:174,1
DA:175,1
DA:178,11
DA:179,11
DA:180,11
DA:181,10
DA:182,10
DA:183,10
DA:184,10
DA:187,1
LF:105
LH:98
BRDA:20,0,0,1
BRDA:20,0,1,4
BRDA:20,1,0,5
BRDA:20,1,1,5
BRDA:20,1,2,5
BRDA:20,1,3,4
BRDA:20,1,4,4
BRDA:20,1,5,4
BRDA:20,1,6,4
BRDA:27,2,0,1
BRDA:27,2,1,3
BRDA:36,3,0,0
BRDA:36,3,1,4
BRDA:36,4,0,4
BRDA:36,4,1,4
BRDA:40,5,0,0
BRDA:40,5,1,4
BRDA:40,6,0,4
BRDA:40,6,1,4
BRDA:40,6,2,4
BRDA:51,7,0,0
BRDA:51,7,1,2
BRDA:57,8,0,1
BRDA:57,8,1,2
BRDA:61,9,0,1
BRDA:61,9,1,1
BRDA:67,10,0,0
BRDA:67,10,1,2
BRDA:73,11,0,0
BRDA:73,11,1,1
BRDA:78,12,0,0
BRDA:78,12,1,1
BRDA:85,13,0,1
BRDA:85,13,1,2
BRDA:87,14,0,0
BRDA:87,14,1,2
BRDA:88,15,0,1
BRDA:88,15,1,1
BRDA:95,16,0,1
BRDA:95,16,1,0
BRDA:98,17,0,0
BRDA:98,17,1,1
BRDA:103,18,0,0
BRDA:103,18,1,0
BRDA:133,19,0,1
BRDA:133,19,1,0
BRDA:141,20,0,0
BRDA:141,20,1,1
BRDA:151,21,0,0
BRDA:151,21,1,1
BRDA:151,22,0,1
BRDA:151,22,1,1
BRDA:151,22,2,1
BRDA:158,23,0,0
BRDA:158,23,1,1
BRDA:164,24,0,1
BRDA:164,24,1,0
BRDA:167,25,0,0
BRDA:167,25,1,1
BRDA:174,26,0,1
BRDA:174,26,1,1
BRDA:179,27,0,11
BRDA:179,27,1,10
BRDA:180,28,0,1
BRDA:180,28,1,10
BRDA:182,29,0,0
BRDA:182,29,1,10
BRF:67
BRH:49
end_of_record
