TN:
SF:server.js
FN:19,(anonymous_0)
FN:35,(anonymous_1)
FN:45,(anonymous_2)
FN:47,(anonymous_3)
FN:64,(anonymous_4)
FN:65,(anonymous_5)
FN:70,(anonymous_6)
FN:87,(anonymous_7)
FN:100,(anonymous_8)
FN:107,(anonymous_9)
FN:116,(anonymous_10)
FN:122,(anonymous_11)
FN:136,(anonymous_12)
FN:139,authenticateToken
FN:144,(anonymous_14)
FNF:15
FNH:15
FNDA:3,(anonymous_0)
FNDA:2,(anonymous_1)
FNDA:2,(anonymous_2)
FNDA:2,(anonymous_3)
FNDA:1,(anonymous_4)
FNDA:1,(anonymous_5)
FNDA:3,(anonymous_6)
FNDA:1,(anonymous_7)
FNDA:1,(anonymous_8)
FNDA:1,(anonymous_9)
FNDA:3,(anonymous_10)
FNDA:2,(anonymous_11)
FNDA:1,(anonymous_12)
FNDA:8,authenticateToken
FNDA:6,(anonymous_14)
DA:2,1
DA:3,1
DA:4,1
DA:5,1
DA:6,1
DA:7,1
DA:8,1
DA:9,1
DA:11,1
DA:12,1
DA:13,1
DA:16,1
DA:19,1
DA:20,3
DA:22,3
DA:23,1
DA:26,2
DA:28,2
DA:33,2
DA:35,2
DA:36,2
DA:37,1
DA:38,1
DA:40,1
DA:45,1
DA:46,2
DA:47,2
DA:48,2
DA:49,0
DA:52,2
DA:58,2
DA:64,1
DA:65,1
DA:66,1
DA:70,1
DA:71,3
DA:72,1
DA:75,2
DA:76,2
DA:77,2
DA:78,2
DA:80,1
DA:85,1
DA:87,1
DA:88,1
DA:89,0
DA:90,0
DA:92,1
DA:93,1
DA:100,1
DA:101,1
DA:102,1
DA:104,1
DA:108,1
DA:109,1
DA:116,1
DA:117,3
DA:118,1
DA:121,2
DA:122,2
DA:123,2
DA:124,0
DA:125,0
DA:127,2
DA:128,1
DA:130,1
DA:135,1
DA:136,1
DA:140,8
DA:141,8
DA:142,8
DA:144,6
DA:145,6
DA:146,6
DA:147,6
DA:148,6
DA:152,1
LF:77
LH:72
BRDA:22,0,0,1
BRDA:22,0,1,2
BRDA:22,1,0,3
BRDA:22,1,1,3
BRDA:22,1,2,3
BRDA:22,1,3,2
BRDA:22,1,4,2
BRDA:22,1,5,2
BRDA:22,1,6,2
BRDA:36,2,0,1
BRDA:36,2,1,1
BRDA:48,3,0,0
BRDA:48,3,1,2
BRDA:48,4,0,2
BRDA:48,4,1,2
BRDA:48,4,2,2
BRDA:71,5,0,1
BRDA:71,5,1,2
BRDA:76,6,0,1
BRDA:76,6,1,1
BRDA:88,7,0,0
BRDA:88,7,1,1
BRDA:108,8,0,0
BRDA:108,8,1,1
BRDA:117,9,0,1
BRDA:117,9,1,2
BRDA:123,10,0,0
BRDA:123,10,1,2
BRDA:127,11,0,1
BRDA:127,11,1,1
BRDA:135,12,0,1
BRDA:135,12,1,1
BRDA:141,13,0,8
BRDA:141,13,1,6
BRDA:142,14,0,2
BRDA:142,14,1,6
BRDA:145,15,0,0
BRDA:145,15,1,6
BRF:38
BRH:33
end_of_record
